<?xml version="1.0" encoding="UTF-8"?>
<!-- Generated by org.testng.reporters.JUnitReportReporter -->
<testsuite skipped="0" hostname="Sandy-PC" name="com.sspicejet.UniversalLab.BaseClass" tests="1" failures="0" timestamp="25 Mar 2021 04:55:01 GMT" time="60.955" errors="0">
  <testcase name="clickaction" time="60.955" classname="com.sspicejet.UniversalLab.BaseClass"/>
</testsuite> <!-- com.sspicejet.UniversalLab.BaseClass -->
