<?xml version="1.0" encoding="UTF-8"?>
<!-- Generated by org.testng.reporters.JUnitReportReporter -->
<testsuite skipped="0" hostname="Sandy-PC" name="pomObjectportfolio.HomeClassMember" tests="1" failures="0" timestamp="25 Mar 2021 05:00:03 GMT" time="42.616" errors="0">
  <testcase name="clickaction" time="42.616" classname="pomObjectportfolio.HomeClassMember"/>
</testsuite> <!-- pomObjectportfolio.HomeClassMember -->
