<?xml version="1.0" encoding="UTF-8"?>
<!-- Generated by org.testng.reporters.JUnitReportReporter -->
<testsuite skipped="0" hostname="Sandy-PC" name="testCaseRepository.ClickonLogo" tests="1" failures="0" timestamp="25 Mar 2021 05:33:01 GMT" time="34.138" errors="0">
  <testcase name="clickaction" time="34.138" classname="testCaseRepository.ClickonLogo"/>
</testsuite> <!-- testCaseRepository.ClickonLogo -->
