<?xml version="1.0" encoding="UTF-8"?>
<!-- Generated by org.testng.reporters.JUnitReportReporter -->
<testsuite skipped="0" hostname="Sandy-PC" name="pomObjectportfolio.Login" tests="1" failures="0" timestamp="25 Mar 2021 03:59:03 GMT" time="25.500" errors="0">
  <testcase name="userModify" time="25.500" classname="pomObjectportfolio.Login"/>
</testsuite> <!-- pomObjectportfolio.Login -->
