<?xml version="1.0" encoding="UTF-8"?>
<!-- Generated by org.testng.reporters.JUnitReportReporter -->
<testsuite skipped="0" hostname="Sandy-PC" name="testCaseRepository.ActionOnHome" tests="1" failures="0" timestamp="26 Mar 2021 13:57:35 GMT" time="86.556" errors="0">
  <testcase name="clickaction" time="86.556" classname="testCaseRepository.ActionOnHome"/>
</testsuite> <!-- testCaseRepository.ActionOnHome -->
